<?xml version="1.0" encoding="UTF-8" ?>
<testsuite tests="5" failures="0" name="gov.ic.geoint.bulleit.HttpReverseProxyTest" time="0.058" errors="0" skipped="5">
  <properties>
[...]
</properties>
  <testcase classname="gov.ic.geoint.bulleit.HttpReverseProxyTest" name="testNyt" time="0">
    <skipped/>
  </testcase>
  <testcase classname="gov.ic.geoint.bulleit.HttpReverseProxyTest" name="testMain" time="0.007">
    <skipped/>
  </testcase>
  <testcase classname="gov.ic.geoint.bulleit.HttpReverseProxyTest" name="testGetMain" time="0.007">
    <skipped/>
  </testcase>
  <testcase classname="gov.ic.geoint.bulleit.HttpReverseProxyTest" name="testGetHttpsMain" time="0.007">
    <skipped/>
  </testcase>
  <testcase classname="gov.ic.geoint.bulleit.HttpReverseProxyTest" name="testGetNyt" time="0.007">
    <skipped/>
  </testcase>
</testsuite>